<?xml version="1.0" encoding="UTF-8"?>
<testsuite name="TestSuite" time="19.988" tests="1" errors="0" skipped="0" failures="1">
  <properties>
[...]
</properties>
  <testcase name="roomBooking" classname="net.travelphp.testscripts.BookingHotelRoom" time="19.988">
    <failure message="element click intercepted: Element &lt;button type=&quot;submit&quot; class=&quot;btn btn-primary&quot;&gt;...&lt;/button&gt; is not clickable at point (1181, 18). Other element would receive the click: &lt;a href=&quot;javascript:void(0);&quot; class=&quot;btn btn-text-inherit btn-interactive&quot; id=&quot;dropdownCurrency&quot; data-toggle=&quot;dropdown&quot; aria-haspopup=&quot;true&quot; aria-expanded=&quot;false&quot;&gt;...&lt;/a&gt;&#10;  (Session info: chrome=78.0.3904.108)&#10;Build info: version: &apos;3.141.59&apos;, revision: &apos;e82be7d358&apos;, time: &apos;2018-11-14T08:17:03&apos;&#10;System info: host: &apos;ATMECSINLT-060&apos;, ip: &apos;55.55.52.253&apos;, os.name: &apos;Windows 10&apos;, os.arch: &apos;amd64&apos;, os.version: &apos;10.0&apos;, java.version: &apos;13.0.1&apos;&#10;Driver info: org.openqa.selenium.chrome.ChromeDriver&#10;Capabilities {acceptInsecureCerts: false, browserName: chrome, browserVersion: 78.0.3904.108, chrome: {chromedriverVersion: 78.0.3904.70 (edb9c9f3de024..., userDataDir: C:\Users\SRINIS~1.THI\AppDa...}, goog:chromeOptions: {debuggerAddress: localhost:52481}, javascriptEnabled: true, networkConnectionEnabled: false, pageLoadStrategy: normal, platform: XP, platformName: XP, proxy: Proxy(), setWindowRect: true, strictFileInteractability: false, timeouts: {implicit: 0, pageLoad: 300000, script: 30000}, unhandledPromptBehavior: dismiss and notify}&#10;Session ID: dcd173f3bc0a6c8839fadb0fb9261a26" type="org.openqa.selenium.ElementClickInterceptedException"><![CDATA[org.openqa.selenium.ElementClickInterceptedException: element click intercepted: Element <button type="submit" class="btn btn-primary">...</button> is not clickable at point (1181, 18). Other element would receive the click: <a href="javascript:void(0);" class="btn btn-text-inherit btn-interactive" id="dropdownCurrency" data-toggle="dropdown" aria-haspopup="true" aria-expanded="false">...</a>
  (Session info: chrome=78.0.3904.108)
Build info: version: '3.141.59', revision: 'e82be7d358', time: '2018-11-14T08:17:03'
System info: host: 'ATMECSINLT-060', ip: '55.55.52.253', os.name: 'Windows 10', os.arch: 'amd64', os.version: '10.0', java.version: '13.0.1'
Driver info: org.openqa.selenium.chrome.ChromeDriver
Capabilities {acceptInsecureCerts: false, browserName: chrome, browserVersion: 78.0.3904.108, chrome: {chromedriverVersion: 78.0.3904.70 (edb9c9f3de024..., userDataDir: C:\Users\SRINIS~1.THI\AppDa...}, goog:chromeOptions: {debuggerAddress: localhost:52481}, javascriptEnabled: true, networkConnectionEnabled: false, pageLoadStrategy: normal, platform: XP, platformName: XP, proxy: Proxy(), setWindowRect: true, strictFileInteractability: false, timeouts: {implicit: 0, pageLoad: 300000, script: 30000}, unhandledPromptBehavior: dismiss and notify}
Session ID: dcd173f3bc0a6c8839fadb0fb9261a26
	at java.base/jdk.internal.reflect.NativeConstructorAccessorImpl.newInstance0(Native Method)
	at java.base/jdk.internal.reflect.NativeConstructorAccessorImpl.newInstance(NativeConstructorAccessorImpl.java:62)
	at java.base/jdk.internal.reflect.DelegatingConstructorAccessorImpl.newInstance(DelegatingConstructorAccessorImpl.java:45)
	at java.base/java.lang.reflect.Constructor.newInstanceWithCaller(Constructor.java:500)
	at java.base/java.lang.reflect.Constructor.newInstance(Constructor.java:481)
	at org.openqa.selenium.remote.http.W3CHttpResponseCodec.createException(W3CHttpResponseCodec.java:187)
	at org.openqa.selenium.remote.http.W3CHttpResponseCodec.decode(W3CHttpResponseCodec.java:122)
	at org.openqa.selenium.remote.http.W3CHttpResponseCodec.decode(W3CHttpResponseCodec.java:49)
	at org.openqa.selenium.remote.HttpCommandExecutor.execute(HttpCommandExecutor.java:158)
	at org.openqa.selenium.remote.service.DriverCommandExecutor.execute(DriverCommandExecutor.java:83)
	at org.openqa.selenium.remote.RemoteWebDriver.execute(RemoteWebDriver.java:552)
	at org.openqa.selenium.remote.RemoteWebElement.execute(RemoteWebElement.java:285)
	at org.openqa.selenium.remote.RemoteWebElement.click(RemoteWebElement.java:84)
	at net.travelphp.testsuite.Pageactions.clickOnElement(Pageactions.java:90)
	at net.travelphp.testscripts.BookingHotelRoom.roomBooking(BookingHotelRoom.java:95)
]]></failure>
    <system-out><![CDATA[11-29-2019 17:20:46 LogReport.java INFO  [TestNG-tests-1] utils.LogReport 26 - Chrome browser started...
11-29-2019 17:21:01 LogReport.java INFO  [TestNG-tests-1] utils.LogReport 26 - Application is open...
11-29-2019 17:21:01 LogReport.java INFO  [TestNG-tests-1] utils.LogReport 26 - STEP#1: Home page validation
11-29-2019 17:21:02 LogReport.java INFO  [TestNG-tests-1] utils.LogReport 26 - Successfully validated HOTELS
FLIGHTS
TOURS
TRANSFER
VISA
HOTELS
FLIGHTS
TOURS
TRANSFER
VISA
HOTELS
FLIGHTS
TOURS
TRANSFER
VISA
11-29-2019 17:21:02 LogReport.java INFO  [TestNG-tests-1] utils.LogReport 26 - STEP#2: Entering City name
//span[@class='select2-match'][contains(.,'Bangalore')]--->>>>
11-29-2019 17:21:05 LogReport.java INFO  [TestNG-tests-1] utils.LogReport 26 - STEP#3: Selecting checkin date
11-29-2019 17:21:05 LogReport.java INFO  [TestNG-tests-1] utils.LogReport 26 - 11/29/2019
11-29-2019 17:21:05 LogReport.java INFO  [TestNG-tests-1] utils.LogReport 31 - 10
11-29-2019 17:21:05 LogReport.java INFO  [TestNG-tests-1] utils.LogReport 26 - 12/09/2019
11-29-2019 17:21:06 LogReport.java INFO  [TestNG-tests-1] utils.LogReport 26 - STEP#4: Selecting Checkout date
11-29-2019 17:21:06 LogReport.java INFO  [TestNG-tests-1] utils.LogReport 26 - 11/29/2019
11-29-2019 17:21:06 LogReport.java INFO  [TestNG-tests-1] utils.LogReport 31 - 12
11-29-2019 17:21:06 LogReport.java INFO  [TestNG-tests-1] utils.LogReport 26 - 12/11/2019
11-29-2019 17:21:07 LogReport.java INFO  [TestNG-tests-1] utils.LogReport 26 - STEP#4: Selecting Adults
(//button[@class='btn btn-white bootstrap-touchspin-up '])[1]--->>>>
(//button[@class='btn btn-white bootstrap-touchspin-up '])[1]--->>>>
11-29-2019 17:21:07 LogReport.java INFO  [TestNG-tests-1] utils.LogReport 26 - STEP#4: Selecting Children
(//button[@class='btn btn-white bootstrap-touchspin-up '])[2]--->>>>
(//button[@class='btn btn-white bootstrap-touchspin-up '])[2]--->>>>
11-29-2019 17:21:07 LogReport.java INFO  [TestNG-tests-1] utils.LogReport 26 - STEP#5: clicking Search
(//button[@class='btn btn-primary btn-block'])[1]--->>>>
11-29-2019 17:21:15 LogReport.java INFO  [TestNG-tests-1] utils.LogReport 26 - STEP#6: hotelpage validation
11-29-2019 17:21:16 LogReport.java INFO  [TestNG-tests-1] utils.LogReport 26 - Successfully validated Bangalore
Bangalore
Bangalore
11-29-2019 17:21:16 LogReport.java INFO  [TestNG-tests-1] utils.LogReport 26 - STEP#7: Clicking on modify
11-29-2019 17:21:16 LogReport.java INFO  [TestNG-tests-1] utils.LogReport 26 - STEP#7: Clicking on view more
(//button[@class='btn btn-primary'])[68]--->>>>
]]></system-out>
    <system-err><![CDATA[Starting ChromeDriver 78.0.3904.70 (edb9c9f3de0247fd912a77b7f6cae7447f6d3ad5-refs/branch-heads/3904@{#800}) on port 31663
Only local connections are allowed.
Please protect ports used by ChromeDriver and related test frameworks to prevent access by malicious code.
[1575028244.262][WARNING]: Timed out connecting to Chrome, retrying...
Nov 29, 2019 5:20:46 PM org.openqa.selenium.remote.ProtocolHandshake createSession
INFO: Detected dialect: W3C
[1575028259.291][WARNING]: Timed out connecting to Chrome, retrying...
]]></system-err>
  </testcase>
</testsuite>